# JRE version: OpenJDK Runtime Environment (17.0.10) (build 17.0.10+0--11572160)
# Java VM: OpenJDK 64-Bit Server VM (17.0.10+0--11572160, mixed mode, tiered, compressed oops, compressed class ptrs, g1 gc, windows-amd64)
GC Precious Log:
 CPUs: 8 total, 8 available
 Memory: 12139M
 Large Page Support: Disabled
 NUMA Support: Disabled
 Compressed Oops: Enabled (32-bit)
 Heap Region Size: 1M
 Heap Min Capacity: 8M
 Heap Initial Capacity: 190M
 Heap Max Capacity: 2G
 Pre-touch: Disabled
 Parallel Workers: 8
 Concurrent Workers: 2
 Concurrent Refinement Workers: 8
 Periodic GC: Disabled
Heap:
 garbage-first heap   total 281600K, used 220205K [0x0000000080000000, 0x0000000100000000)
  region size 1024K, 65 young (66560K), 8 survivors (8192K)
 Metaspace       used 144163K, committed 144960K, reserved 1179648K
  class space    used 18558K, committed 18880K, reserved 1048576K
GC Heap History (20 events):
Event: 42.748 GC heap after
{Heap after GC invocations=50 (full 0):
 garbage-first heap   total 209920K, used 120437K [0x0000000080000000, 0x0000000100000000)
  region size 1024K, 2 young (2048K), 2 survivors (2048K)
 Metaspace       used 141697K, committed 142400K, reserved 1179648K
  class space    used 18344K, committed 18688K, reserved 1048576K
}
Event: 43.344 GC heap before
{Heap before GC invocations=50 (full 0):
 garbage-first heap   total 209920K, used 173685K [0x0000000080000000, 0x0000000100000000)
  region size 1024K, 55 young (56320K), 2 survivors (2048K)
 Metaspace       used 142228K, committed 142976K, reserved 1179648K
  class space    used 18380K, committed 18752K, reserved 1048576K
}
Event: 43.352 GC heap after
{Heap after GC invocations=51 (full 0):
 garbage-first heap   total 209920K, used 126086K [0x0000000080000000, 0x0000000100000000)
  region size 1024K, 7 young (7168K), 7 survivors (7168K)
 Metaspace       used 142228K, committed 142976K, reserved 1179648K
  class space    used 18380K, committed 18752K, reserved 1048576K
}
Event: 43.863 GC heap before
{Heap before GC invocations=51 (full 0):
 garbage-first heap   total 209920K, used 174214K [0x0000000080000000, 0x0000000100000000)
  region size 1024K, 54 young (55296K), 7 survivors (7168K)
 Metaspace       used 143037K, committed 143808K, reserved 1179648K
  class space    used 18464K, committed 18816K, reserved 1048576K
}
Event: 43.870 GC heap after
{Heap after GC invocations=52 (full 0):
 garbage-first heap   total 209920K, used 126057K [0x0000000080000000, 0x0000000100000000)
  region size 1024K, 4 young (4096K), 4 survivors (4096K)
 Metaspace       used 143037K, committed 143808K, reserved 1179648K
  class space    used 18464K, committed 18816K, reserved 1048576K
}
Event: 44.648 GC heap before
{Heap before GC invocations=52 (full 0):
 garbage-first heap   total 209920K, used 174185K [0x0000000080000000, 0x0000000100000000)
  region size 1024K, 52 young (53248K), 4 survivors (4096K)
 Metaspace       used 143188K, committed 144000K, reserved 1179648K
  class space    used 18466K, committed 18816K, reserved 1048576K
}
Event: 44.656 GC heap after
{Heap after GC invocations=53 (full 0):
 garbage-first heap   total 209920K, used 126715K [0x0000000080000000, 0x0000000100000000)
  region size 1024K, 5 young (5120K), 5 survivors (5120K)
 Metaspace       used 143188K, committed 144000K, reserved 1179648K
  class space    used 18466K, committed 18816K, reserved 1048576K
}
Event: 45.338 GC heap before
{Heap before GC invocations=53 (full 0):
 garbage-first heap   total 209920K, used 174843K [0x0000000080000000, 0x0000000100000000)
  region size 1024K, 52 young (53248K), 5 survivors (5120K)
 Metaspace       used 143275K, committed 144064K, reserved 1179648K
  class space    used 18466K, committed 18816K, reserved 1048576K
}
Event: 45.344 GC heap after
{Heap after GC invocations=54 (full 0):
 garbage-first heap   total 209920K, used 127298K [0x0000000080000000, 0x0000000100000000)
  region size 1024K, 5 young (5120K), 5 survivors (5120K)
 Metaspace       used 143275K, committed 144064K, reserved 1179648K
  class space    used 18466K, committed 18816K, reserved 1048576K
}
Event: 45.601 GC heap before
{Heap before GC invocations=54 (full 0):
 garbage-first heap   total 209920K, used 177474K [0x0000000080000000, 0x0000000100000000)
  region size 1024K, 53 young (54272K), 5 survivors (5120K)
 Metaspace       used 143363K, committed 144128K, reserved 1179648K
  class space    used 18466K, committed 18816K, reserved 1048576K
}
Event: 45.618 GC heap after
{Heap after GC invocations=55 (full 0):
 garbage-first heap   total 209920K, used 147167K [0x0000000080000000, 0x0000000100000000)
  region size 1024K, 7 young (7168K), 7 survivors (7168K)
 Metaspace       used 143363K, committed 144128K, reserved 1179648K
  class space    used 18466K, committed 18816K, reserved 1048576K
}
Event: 45.876 GC heap before
{Heap before GC invocations=55 (full 0):
 garbage-first heap   total 209920K, used 168671K [0x0000000080000000, 0x0000000100000000)
  region size 1024K, 29 young (29696K), 7 survivors (7168K)
 Metaspace       used 143376K, committed 144128K, reserved 1179648K
  class space    used 18466K, committed 18816K, reserved 1048576K
}
Event: 45.887 GC heap after
{Heap after GC invocations=56 (full 0):
 garbage-first heap   total 209920K, used 152574K [0x0000000080000000, 0x0000000100000000)
  region size 1024K, 4 young (4096K), 4 survivors (4096K)
 Metaspace       used 143376K, committed 144128K, reserved 1179648K
  class space    used 18466K, committed 18816K, reserved 1048576K
}
Event: 46.133 GC heap before
{Heap before GC invocations=56 (full 0):
 garbage-first heap   total 281600K, used 171006K [0x0000000080000000, 0x0000000100000000)
  region size 1024K, 23 young (23552K), 4 survivors (4096K)
 Metaspace       used 143382K, committed 144128K, reserved 1179648K
  class space    used 18466K, committed 18816K, reserved 1048576K
}
Event: 46.140 GC heap after
{Heap after GC invocations=57 (full 0):
 garbage-first heap   total 281600K, used 154436K [0x0000000080000000, 0x0000000100000000)
  region size 1024K, 3 young (3072K), 3 survivors (3072K)
 Metaspace       used 143382K, committed 144128K, reserved 1179648K
  class space    used 18466K, committed 18816K, reserved 1048576K
}
Event: 46.657 GC heap before
{Heap before GC invocations=58 (full 0):
 garbage-first heap   total 281600K, used 205636K [0x0000000080000000, 0x0000000100000000)
  region size 1024K, 53 young (54272K), 3 survivors (3072K)
 Metaspace       used 143547K, committed 144320K, reserved 1179648K
  class space    used 18490K, committed 18816K, reserved 1048576K
}
Event: 46.663 GC heap after
{Heap after GC invocations=59 (full 0):
 garbage-first heap   total 281600K, used 155853K [0x0000000080000000, 0x0000000100000000)
  region size 1024K, 4 young (4096K), 4 survivors (4096K)
 Metaspace       used 143547K, committed 144320K, reserved 1179648K
  class space    used 18490K, committed 18816K, reserved 1048576K
}
Event: 46.812 GC heap before
{Heap before GC invocations=59 (full 0):
 garbage-first heap   total 281600K, used 165069K [0x0000000080000000, 0x0000000100000000)
  region size 1024K, 13 young (13312K), 4 survivors (4096K)
 Metaspace       used 144100K, committed 144896K, reserved 1179648K
  class space    used 18554K, committed 18880K, reserved 1048576K
}
Event: 46.820 GC heap after
{Heap after GC invocations=60 (full 0):
 garbage-first heap   total 281600K, used 151597K [0x0000000080000000, 0x0000000100000000)
  region size 1024K, 1 young (1024K), 1 survivors (1024K)
 Metaspace       used 144100K, committed 144896K, reserved 1179648K
  class space    used 18554K, committed 18880K, reserved 1048576K
}
Event: 58.499 GC heap before
{Heap before GC invocations=60 (full 0):
 garbage-first heap   total 281600K, used 219181K [0x0000000080000000, 0x0000000100000000)
  region size 1024K, 58 young (59392K), 1 survivors (1024K)
 Metaspace       used 144163K, committed 144960K, reserved 1179648K
  class space    used 18558K, committed 18880K, reserved 1048576K
}

